<?xml version="1.0" encoding="UTF-8"?>
<robot generator="Robot 6.1.1 (Python 3.12.0 on win32)" generated="20231118 08:15:11.918" rpa="false" schemaversion="4">
<suite id="s1" name="TC7" source="C:\Users\DELL\PycharmProjects\Robottt\advance\TC7.robot">
<test id="s1-t1" name="check the sample testcase for browser launch" line="9">
<kw name="Launch My Application">
<kw name="Open Browser" library="SeleniumLibrary">
<arg>${url}</arg>
<arg>${Browser}</arg>
<doc>Opens a new browser instance to the optional ``url``.</doc>
<msg timestamp="20231118 08:15:12.301" level="INFO">Opening browser 'chrome' to base url 'https://www.demoblaze.com/'.</msg>
<status status="PASS" starttime="20231118 08:15:12.301" endtime="20231118 08:15:19.920"/>
</kw>
<kw name="Maximize Browser Window" library="SeleniumLibrary">
<doc>Maximizes current browser window.</doc>
<status status="PASS" starttime="20231118 08:15:19.920" endtime="20231118 08:15:20.259"/>
</kw>
<status status="PASS" starttime="20231118 08:15:12.300" endtime="20231118 08:15:20.259"/>
</kw>
<kw name="Close Browser" library="SeleniumLibrary">
<doc>Closes the current browser.</doc>
<status status="PASS" starttime="20231118 08:15:20.264" endtime="20231118 08:15:22.852"/>
</kw>
<status status="PASS" starttime="20231118 08:15:12.298" endtime="20231118 08:15:22.854"/>
</test>
<test id="s1-t2" name="Check whether user is able to navigate to login section" line="12">
<kw name="Launch My Application">
<kw name="Open Browser" library="SeleniumLibrary">
<arg>${url}</arg>
<arg>${Browser}</arg>
<doc>Opens a new browser instance to the optional ``url``.</doc>
<msg timestamp="20231118 08:15:22.862" level="INFO">Opening browser 'chrome' to base url 'https://www.demoblaze.com/'.</msg>
<status status="PASS" starttime="20231118 08:15:22.858" endtime="20231118 08:15:32.303"/>
</kw>
<kw name="Maximize Browser Window" library="SeleniumLibrary">
<doc>Maximizes current browser window.</doc>
<status status="PASS" starttime="20231118 08:15:32.304" endtime="20231118 08:15:32.623"/>
</kw>
<status status="PASS" starttime="20231118 08:15:22.858" endtime="20231118 08:15:32.623"/>
</kw>
<kw name="Click Element" library="SeleniumLibrary">
<arg>id:login2</arg>
<doc>Click the element identified by ``locator``.</doc>
<msg timestamp="20231118 08:15:32.627" level="INFO">Clicking element 'id:login2'.</msg>
<status status="PASS" starttime="20231118 08:15:32.626" endtime="20231118 08:15:32.863"/>
</kw>
<status status="PASS" starttime="20231118 08:15:22.857" endtime="20231118 08:15:32.866"/>
</test>
<test id="s1-t3" name="Check whether user is able to click on product" line="15">
<kw name="Launch My Application">
<kw name="Open Browser" library="SeleniumLibrary">
<arg>${url}</arg>
<arg>${Browser}</arg>
<doc>Opens a new browser instance to the optional ``url``.</doc>
<msg timestamp="20231118 08:15:32.869" level="INFO">Opening browser 'chrome' to base url 'https://www.demoblaze.com/'.</msg>
<status status="PASS" starttime="20231118 08:15:32.868" endtime="20231118 08:15:42.236"/>
</kw>
<kw name="Maximize Browser Window" library="SeleniumLibrary">
<doc>Maximizes current browser window.</doc>
<status status="PASS" starttime="20231118 08:15:42.236" endtime="20231118 08:15:42.578"/>
</kw>
<status status="PASS" starttime="20231118 08:15:32.867" endtime="20231118 08:15:42.578"/>
</kw>
<kw name="Set Selenium Implicit Wait" library="SeleniumLibrary">
<arg>10</arg>
<doc>Sets the implicit wait value used by Selenium.</doc>
<status status="PASS" starttime="20231118 08:15:42.578" endtime="20231118 08:15:42.585"/>
</kw>
<kw name="Click Element" library="SeleniumLibrary">
<arg>xpath://*[@id="tbodyid"]/div[1]/div/div/h4/a</arg>
<doc>Click the element identified by ``locator``.</doc>
<msg timestamp="20231118 08:15:42.587" level="INFO">Clicking element 'xpath://*[@id="tbodyid"]/div[1]/div/div/h4/a'.</msg>
<status status="PASS" starttime="20231118 08:15:42.586" endtime="20231118 08:15:44.095"/>
</kw>
<status status="PASS" starttime="20231118 08:15:32.867" endtime="20231118 08:15:44.138"/>
</test>
<test id="s1-t4" name="Login And CheckLogout" line="21">
<kw name="Launch My Application">
<kw name="Open Browser" library="SeleniumLibrary">
<arg>${url}</arg>
<arg>${Browser}</arg>
<doc>Opens a new browser instance to the optional ``url``.</doc>
<msg timestamp="20231118 08:15:44.143" level="INFO">Opening browser 'chrome' to base url 'https://www.demoblaze.com/'.</msg>
<status status="PASS" starttime="20231118 08:15:44.142" endtime="20231118 08:15:53.812"/>
</kw>
<kw name="Maximize Browser Window" library="SeleniumLibrary">
<doc>Maximizes current browser window.</doc>
<status status="PASS" starttime="20231118 08:15:53.813" endtime="20231118 08:15:53.984"/>
</kw>
<status status="PASS" starttime="20231118 08:15:44.142" endtime="20231118 08:15:53.984"/>
</kw>
<kw name="Click Element" library="SeleniumLibrary">
<arg>id:login2</arg>
<doc>Click the element identified by ``locator``.</doc>
<msg timestamp="20231118 08:15:53.985" level="INFO">Clicking element 'id:login2'.</msg>
<status status="PASS" starttime="20231118 08:15:53.985" endtime="20231118 08:15:54.431"/>
</kw>
<kw name="valid login">
<kw name="Input Text" library="SeleniumLibrary">
<arg>id:loginusername</arg>
<arg>demo</arg>
<doc>Types the given ``text`` into the text field identified by ``locator``.</doc>
<msg timestamp="20231118 08:15:54.433" level="INFO">Typing text 'demo' into text field 'id:loginusername'.</msg>
<status status="PASS" starttime="20231118 08:15:54.432" endtime="20231118 08:15:55.086"/>
</kw>
<kw name="Input Password" library="SeleniumLibrary">
<arg>id:loginpassword</arg>
<arg>demo</arg>
<doc>Types the given password into the text field identified by ``locator``.</doc>
<msg timestamp="20231118 08:15:55.088" level="INFO">Typing password into text field 'id:loginpassword'.</msg>
<msg timestamp="20231118 08:15:55.193" level="INFO">Temporally setting log level to: NONE</msg>
<msg timestamp="20231118 08:15:55.302" level="INFO">Log level changed from NONE to INFO.</msg>
<status status="PASS" starttime="20231118 08:15:55.087" endtime="20231118 08:15:55.302"/>
</kw>
<status status="PASS" starttime="20231118 08:15:54.432" endtime="20231118 08:15:55.303"/>
</kw>
<kw name="Click Button" library="SeleniumLibrary">
<arg>xpath://*[@id="logInModal"]/div/div/div[3]/button[2]</arg>
<doc>Clicks the button identified by ``locator``.</doc>
<msg timestamp="20231118 08:15:55.307" level="INFO">Clicking button 'xpath://*[@id="logInModal"]/div/div/div[3]/button[2]'.</msg>
<status status="PASS" starttime="20231118 08:15:55.306" endtime="20231118 08:15:55.487"/>
</kw>
<status status="PASS" starttime="20231118 08:15:44.141" endtime="20231118 08:15:55.494"/>
</test>
<status status="PASS" starttime="20231118 08:15:11.921" endtime="20231118 08:15:55.496"/>
</suite>
<statistics>
<total>
<stat pass="4" fail="0" skip="0">All Tests</stat>
</total>
<tag>
</tag>
<suite>
<stat pass="4" fail="0" skip="0" id="s1" name="TC7">TC7</stat>
</suite>
</statistics>
<errors>
</errors>
</robot>
